<?xml version="1.0" encoding="UTF-8"?>
<!-- Generated by org.testng.reporters.JUnitReportReporter -->
<testsuite skipped="0" hostname="DESKTOP-KI7RP38" name="com.automation.testpkg.LaunchApp" tests="1" failures="0" timestamp="2020-04-01T17:21:10 IST" time="12.298" errors="0">
  <testcase name="launch" time="12.298" classname="com.automation.testpkg.LaunchApp"/>
</testsuite> <!-- com.automation.testpkg.LaunchApp -->
